[
    {
      "Plan": {
        "Node Type": "Aggregate",
        "Strategy": "Sorted",
        "Partial Mode": "Simple",
        "Parallel Aware": false,
        "Async Capable": false,
        "Startup Cost": 100421.22,
        "Total Cost": 100425.02,
        "Plan Rows": 138,
        "Plan Width": 79,
        "Actual Startup Time": 775.635,
        "Actual Total Time": 776.610,
        "Actual Rows": 9,
        "Actual Loops": 1,
        "Group Key": ["p_post.\"Tags\""],
        "Shared Hit Blocks": 6757,
        "Shared Read Blocks": 88033,
        "Shared Dirtied Blocks": 0,
        "Shared Written Blocks": 0,
        "Local Hit Blocks": 0,
        "Local Read Blocks": 0,
        "Local Dirtied Blocks": 0,
        "Local Written Blocks": 0,
        "Temp Read Blocks": 0,
        "Temp Written Blocks": 0,
        "Plans": [
          {
            "Node Type": "Sort",
            "Parent Relationship": "Outer",
            "Parallel Aware": false,
            "Async Capable": false,
            "Startup Cost": 100421.22,
            "Total Cost": 100421.57,
            "Plan Rows": 138,
            "Plan Width": 51,
            "Actual Startup Time": 775.525,
            "Actual Total Time": 775.789,
            "Actual Rows": 1196,
            "Actual Loops": 1,
            "Sort Key": ["p_post.\"Tags\""],
            "Sort Method": "quicksort",
            "Sort Space Used": 131,
            "Sort Space Type": "Memory",
            "Shared Hit Blocks": 6757,
            "Shared Read Blocks": 88033,
            "Shared Dirtied Blocks": 0,
            "Shared Written Blocks": 0,
            "Local Hit Blocks": 0,
            "Local Read Blocks": 0,
            "Local Dirtied Blocks": 0,
            "Local Written Blocks": 0,
            "Temp Read Blocks": 0,
            "Temp Written Blocks": 0,
            "Plans": [
              {
                "Node Type": "Nested Loop",
                "Parent Relationship": "Outer",
                "Parallel Aware": false,
                "Async Capable": false,
                "Join Type": "Inner",
                "Startup Cost": 66801.10,
                "Total Cost": 100416.32,
                "Plan Rows": 138,
                "Plan Width": 51,
                "Actual Startup Time": 449.534,
                "Actual Total Time": 771.949,
                "Actual Rows": 1196,
                "Actual Loops": 1,
                "Inner Unique": true,
                "Shared Hit Blocks": 6757,
                "Shared Read Blocks": 88033,
                "Shared Dirtied Blocks": 0,
                "Shared Written Blocks": 0,
                "Local Hit Blocks": 0,
                "Local Read Blocks": 0,
                "Local Dirtied Blocks": 0,
                "Local Written Blocks": 0,
                "Temp Read Blocks": 0,
                "Temp Written Blocks": 0,
                "Plans": [
                  {
                    "Node Type": "Hash Join",
                    "Parent Relationship": "Outer",
                    "Parallel Aware": false,
                    "Async Capable": false,
                    "Join Type": "Inner",
                    "Startup Cost": 66800.68,
                    "Total Cost": 100329.10,
                    "Plan Rows": 138,
                    "Plan Width": 51,
                    "Actual Startup Time": 449.483,
                    "Actual Total Time": 762.407,
                    "Actual Rows": 1271,
                    "Actual Loops": 1,
                    "Inner Unique": false,
                    "Hash Cond": "(p_answ.\"ParentId\" = p_post.\"Id\")",
                    "Shared Hit Blocks": 1973,
                    "Shared Read Blocks": 88033,
                    "Shared Dirtied Blocks": 0,
                    "Shared Written Blocks": 0,
                    "Local Hit Blocks": 0,
                    "Local Read Blocks": 0,
                    "Local Dirtied Blocks": 0,
                    "Local Written Blocks": 0,
                    "Temp Read Blocks": 0,
                    "Temp Written Blocks": 0,
                    "Plans": [
                      {
                        "Node Type": "Seq Scan",
                        "Parent Relationship": "Outer",
                        "Parallel Aware": false,
                        "Async Capable": false,
                        "Relation Name": "Posts",
                        "Alias": "p_answ",
                        "Startup Cost": 0.00,
                        "Total Cost": 33008.68,
                        "Plan Rows": 138391,
                        "Plan Width": 16,
                        "Actual Startup Time": 0.068,
                        "Actual Total Time": 288.547,
                        "Actual Rows": 138659,
                        "Actual Loops": 1,
                        "Filter": "(\"PostTypeId\" = 2)",
                        "Rows Removed by Filter": 104915,
                        "Shared Hit Blocks": 672,
                        "Shared Read Blocks": 29292,
                        "Shared Dirtied Blocks": 0,
                        "Shared Written Blocks": 0,
                        "Local Hit Blocks": 0,
                        "Local Read Blocks": 0,
                        "Local Dirtied Blocks": 0,
                        "Local Written Blocks": 0,
                        "Temp Read Blocks": 0,
                        "Temp Written Blocks": 0
                      },
                      {
                        "Node Type": "Hash",
                        "Parent Relationship": "Inner",
                        "Parallel Aware": false,
                        "Async Capable": false,
                        "Startup Cost": 66797.64,
                        "Total Cost": 66797.64,
                        "Plan Rows": 243,
                        "Plan Width": 43,
                        "Actual Startup Time": 446.536,
                        "Actual Total Time": 446.694,
                        "Actual Rows": 1085,
                        "Actual Loops": 1,
                        "Hash Buckets": 2048,
                        "Original Hash Buckets": 1024,
                        "Hash Batches": 1,
                        "Original Hash Batches": 1,
                        "Peak Memory Usage": 96,
                        "Shared Hit Blocks": 1301,
                        "Shared Read Blocks": 58741,
                        "Shared Dirtied Blocks": 0,
                        "Shared Written Blocks": 0,
                        "Local Hit Blocks": 0,
                        "Local Read Blocks": 0,
                        "Local Dirtied Blocks": 0,
                        "Local Written Blocks": 0,
                        "Temp Read Blocks": 0,
                        "Temp Written Blocks": 0,
                        "Plans": [
                          {
                            "Node Type": "Hash Join",
                            "Parent Relationship": "Outer",
                            "Parallel Aware": false,
                            "Async Capable": false,
                            "Join Type": "Inner",
                            "Startup Cost": 33517.52,
                            "Total Cost": 66797.64,
                            "Plan Rows": 243,
                            "Plan Width": 43,
                            "Actual Startup Time": 118.222,
                            "Actual Total Time": 445.342,
                            "Actual Rows": 1085,
                            "Actual Loops": 1,
                            "Inner Unique": true,
                            "Hash Cond": "(p_post.\"Tags\" = popular_pairs_of_tags.\"Tags\")",
                            "Shared Hit Blocks": 1301,
                            "Shared Read Blocks": 58741,
                            "Shared Dirtied Blocks": 0,
                            "Shared Written Blocks": 0,
                            "Local Hit Blocks": 0,
                            "Local Read Blocks": 0,
                            "Local Dirtied Blocks": 0,
                            "Local Written Blocks": 0,
                            "Temp Read Blocks": 0,
                            "Temp Written Blocks": 0,
                            "Plans": [
                              {
                                "Node Type": "Seq Scan",
                                "Parent Relationship": "Outer",
                                "Parallel Aware": false,
                                "Async Capable": false,
                                "Relation Name": "Posts",
                                "Alias": "p_post",
                                "Startup Cost": 0.00,
                                "Total Cost": 33008.68,
                                "Plan Rows": 103397,
                                "Plan Width": 43,
                                "Actual Startup Time": 0.007,
                                "Actual Total Time": 297.762,
                                "Actual Rows": 103150,
                                "Actual Loops": 1,
                                "Filter": "(\"PostTypeId\" = 1)",
                                "Rows Removed by Filter": 140424,
                                "Shared Hit Blocks": 642,
                                "Shared Read Blocks": 29322,
                                "Shared Dirtied Blocks": 0,
                                "Shared Written Blocks": 0,
                                "Local Hit Blocks": 0,
                                "Local Read Blocks": 0,
                                "Local Dirtied Blocks": 0,
                                "Local Written Blocks": 0,
                                "Temp Read Blocks": 0,
                                "Temp Written Blocks": 0
                              },
                              {
                                "Node Type": "Hash",
                                "Parent Relationship": "Inner",
                                "Parallel Aware": false,
                                "Async Capable": false,
                                "Startup Cost": 33516.51,
                                "Total Cost": 33516.51,
                                "Plan Rows": 81,
                                "Plan Width": 31,
                                "Actual Startup Time": 116.152,
                                "Actual Total Time": 116.307,
                                "Actual Rows": 9,
                                "Actual Loops": 1,
                                "Hash Buckets": 1024,
                                "Original Hash Buckets": 1024,
                                "Hash Batches": 1,
                                "Original Hash Batches": 1,
                                "Peak Memory Usage": 9,
                                "Shared Hit Blocks": 659,
                                "Shared Read Blocks": 29419,
                                "Shared Dirtied Blocks": 0,
                                "Shared Written Blocks": 0,
                                "Local Hit Blocks": 0,
                                "Local Read Blocks": 0,
                                "Local Dirtied Blocks": 0,
                                "Local Written Blocks": 0,
                                "Temp Read Blocks": 0,
                                "Temp Written Blocks": 0,
                                "Plans": [
                                  {
                                    "Node Type": "Subquery Scan",
                                    "Parent Relationship": "Outer",
                                    "Parallel Aware": false,
                                    "Async Capable": false,
                                    "Alias": "popular_pairs_of_tags",
                                    "Startup Cost": 33514.30,
                                    "Total Cost": 33516.51,
                                    "Plan Rows": 81,
                                    "Plan Width": 31,
                                    "Actual Startup Time": 116.128,
                                    "Actual Total Time": 116.291,
                                    "Actual Rows": 9,
                                    "Actual Loops": 1,
                                    "Shared Hit Blocks": 659,
                                    "Shared Read Blocks": 29419,
                                    "Shared Dirtied Blocks": 0,
                                    "Shared Written Blocks": 0,
                                    "Local Hit Blocks": 0,
                                    "Local Read Blocks": 0,
                                    "Local Dirtied Blocks": 0,
                                    "Local Written Blocks": 0,
                                    "Temp Read Blocks": 0,
                                    "Temp Written Blocks": 0,
                                    "Plans": [
                                      {
                                        "Node Type": "WindowAgg",
                                        "Parent Relationship": "Subquery",
                                        "Parallel Aware": false,
                                        "Async Capable": false,
                                        "Startup Cost": 33514.30,
                                        "Total Cost": 33515.70,
                                        "Plan Rows": 81,
                                        "Plan Width": 47,
                                        "Actual Startup Time": 116.128,
                                        "Actual Total Time": 116.288,
                                        "Actual Rows": 9,
                                        "Actual Loops": 1,
                                        "Run Condition": "(rank() OVER (?) < 10)",
                                        "Shared Hit Blocks": 659,
                                        "Shared Read Blocks": 29419,
                                        "Shared Dirtied Blocks": 0,
                                        "Shared Written Blocks": 0,
                                        "Local Hit Blocks": 0,
                                        "Local Read Blocks": 0,
                                        "Local Dirtied Blocks": 0,
                                        "Local Written Blocks": 0,
                                        "Temp Read Blocks": 0,
                                        "Temp Written Blocks": 0,
                                        "Plans": [
                                          {
                                            "Node Type": "Sort",
                                            "Parent Relationship": "Outer",
                                            "Parallel Aware": false,
                                            "Async Capable": false,
                                            "Startup Cost": 33514.28,
                                            "Total Cost": 33514.48,
                                            "Plan Rows": 81,
                                            "Plan Width": 39,
                                            "Actual Startup Time": 116.118,
                                            "Actual Total Time": 116.272,
                                            "Actual Rows": 10,
                                            "Actual Loops": 1,
                                            "Sort Key": ["(count(*)) DESC"],
                                            "Sort Method": "quicksort",
                                            "Sort Space Used": 56,
                                            "Sort Space Type": "Memory",
                                            "Shared Hit Blocks": 659,
                                            "Shared Read Blocks": 29419,
                                            "Shared Dirtied Blocks": 0,
                                            "Shared Written Blocks": 0,
                                            "Local Hit Blocks": 0,
                                            "Local Read Blocks": 0,
                                            "Local Dirtied Blocks": 0,
                                            "Local Written Blocks": 0,
                                            "Temp Read Blocks": 0,
                                            "Temp Written Blocks": 0,
                                            "Plans": [
                                              {
                                                "Node Type": "Aggregate",
                                                "Strategy": "Sorted",
                                                "Partial Mode": "Finalize",
                                                "Parent Relationship": "Outer",
                                                "Parallel Aware": false,
                                                "Async Capable": false,
                                                "Startup Cost": 33502.12,
                                                "Total Cost": 33511.71,
                                                "Plan Rows": 81,
                                                "Plan Width": 39,
                                                "Actual Startup Time": 108.360,
                                                "Actual Total Time": 116.097,
                                                "Actual Rows": 622,
                                                "Actual Loops": 1,
                                                "Group Key": ["\"Posts\".\"Tags\""],
                                                "Shared Hit Blocks": 659,
                                                "Shared Read Blocks": 29419,
                                                "Shared Dirtied Blocks": 0,
                                                "Shared Written Blocks": 0,
                                                "Local Hit Blocks": 0,
                                                "Local Read Blocks": 0,
                                                "Local Dirtied Blocks": 0,
                                                "Local Written Blocks": 0,
                                                "Temp Read Blocks": 0,
                                                "Temp Written Blocks": 0,
                                                "Plans": [
                                                  {
                                                    "Node Type": "Gather Merge",
                                                    "Parent Relationship": "Outer",
                                                    "Parallel Aware": false,
                                                    "Async Capable": false,
                                                    "Startup Cost": 33502.12,
                                                    "Total Cost": 33510.56,
                                                    "Plan Rows": 68,
                                                    "Plan Width": 39,
                                                    "Actual Startup Time": 108.355,
                                                    "Actual Total Time": 115.636,
                                                    "Actual Rows": 1141,
                                                    "Actual Loops": 1,
                                                    "Workers Planned": 2,
                                                    "Workers Launched": 2,
                                                    "Shared Hit Blocks": 659,
                                                    "Shared Read Blocks": 29419,
                                                    "Shared Dirtied Blocks": 0,
                                                    "Shared Written Blocks": 0,
                                                    "Local Hit Blocks": 0,
                                                    "Local Read Blocks": 0,
                                                    "Local Dirtied Blocks": 0,
                                                    "Local Written Blocks": 0,
                                                    "Temp Read Blocks": 0,
                                                    "Temp Written Blocks": 0,
                                                    "Plans": [
                                                      {
                                                        "Node Type": "Aggregate",
                                                        "Strategy": "Sorted",
                                                        "Partial Mode": "Partial",
                                                        "Parent Relationship": "Outer",
                                                        "Parallel Aware": false,
                                                        "Async Capable": false,
                                                        "Startup Cost": 32502.09,
                                                        "Total Cost": 32502.69,
                                                        "Plan Rows": 34,
                                                        "Plan Width": 39,
                                                        "Actual Startup Time": 66.181,
                                                        "Actual Total Time": 66.617,
                                                        "Actual Rows": 380,
                                                        "Actual Loops": 3,
                                                        "Group Key": ["\"Posts\".\"Tags\""],
                                                        "Shared Hit Blocks": 659,
                                                        "Shared Read Blocks": 29419,
                                                        "Shared Dirtied Blocks": 0,
                                                        "Shared Written Blocks": 0,
                                                        "Local Hit Blocks": 0,
                                                        "Local Read Blocks": 0,
                                                        "Local Dirtied Blocks": 0,
                                                        "Local Written Blocks": 0,
                                                        "Temp Read Blocks": 0,
                                                        "Temp Written Blocks": 0,
                                                        "Workers": [
                                                        ],
                                                        "Plans": [
                                                          {
                                                            "Node Type": "Sort",
                                                            "Parent Relationship": "Outer",
                                                            "Parallel Aware": false,
                                                            "Async Capable": false,
                                                            "Startup Cost": 32502.09,
                                                            "Total Cost": 32502.18,
                                                            "Plan Rows": 34,
                                                            "Plan Width": 31,
                                                            "Actual Startup Time": 66.173,
                                                            "Actual Total Time": 66.387,
                                                            "Actual Rows": 1720,
                                                            "Actual Loops": 3,
                                                            "Sort Key": ["\"Posts\".\"Tags\""],
                                                            "Sort Method": "quicksort",
                                                            "Sort Space Used": 49,
                                                            "Sort Space Type": "Memory",
                                                            "Shared Hit Blocks": 659,
                                                            "Shared Read Blocks": 29419,
                                                            "Shared Dirtied Blocks": 0,
                                                            "Shared Written Blocks": 0,
                                                            "Local Hit Blocks": 0,
                                                            "Local Read Blocks": 0,
                                                            "Local Dirtied Blocks": 0,
                                                            "Local Written Blocks": 0,
                                                            "Temp Read Blocks": 0,
                                                            "Temp Written Blocks": 0,
                                                            "Workers": [
                                                              {
                                                                "Worker Number": 0,
                                                                "Sort Method": "quicksort",
                                                                "Sort Space Used": 49,
                                                                "Sort Space Type": "Memory"
                                                              },
                                                              {
                                                                "Worker Number": 1,
                                                                "Sort Method": "quicksort",
                                                                "Sort Space Used": 49,
                                                                "Sort Space Type": "Memory"
                                                              }
                                                            ],
                                                            "Plans": [
                                                              {
                                                                "Node Type": "Seq Scan",
                                                                "Parent Relationship": "Outer",
                                                                "Parallel Aware": true,
                                                                "Async Capable": false,
                                                                "Relation Name": "Posts",
                                                                "Alias": "Posts",
                                                                "Startup Cost": 0.00,
                                                                "Total Cost": 32501.23,
                                                                "Plan Rows": 34,
                                                                "Plan Width": 31,
                                                                "Actual Startup Time": 0.336,
                                                                "Actual Total Time": 60.624,
                                                                "Actual Rows": 1720,
                                                                "Actual Loops": 3,
                                                                "Filter": "((\"Tags\" ~~ '%postgresql%'::text) AND ((length(\"Tags\") - length(replace(\"Tags\", '|'::text, ''::text))) = 3))",
                                                                "Rows Removed by Filter": 79471,
                                                                "Shared Hit Blocks": 545,
                                                                "Shared Read Blocks": 29419,
                                                                "Shared Dirtied Blocks": 0,
                                                                "Shared Written Blocks": 0,
                                                                "Local Hit Blocks": 0,
                                                                "Local Read Blocks": 0,
                                                                "Local Dirtied Blocks": 0,
                                                                "Local Written Blocks": 0,
                                                                "Temp Read Blocks": 0,
                                                                "Temp Written Blocks": 0,
                                                                "Workers": [
                                                                ]
                                                              }
                                                            ]
                                                          }
                                                        ]
                                                      }
                                                    ]
                                                  }
                                                ]
                                              }
                                            ]
                                          }
                                        ]
                                      }
                                    ]
                                  }
                                ]
                              }
                            ]
                          }
                        ]
                      }
                    ]
                  },
                  {
                    "Node Type": "Index Scan",
                    "Parent Relationship": "Inner",
                    "Parallel Aware": false,
                    "Async Capable": false,
                    "Scan Direction": "Forward",
                    "Index Name": "Users_pkey",
                    "Relation Name": "Users",
                    "Alias": "Users",
                    "Startup Cost": 0.42,
                    "Total Cost": 0.63,
                    "Plan Rows": 1,
                    "Plan Width": 8,
                    "Actual Startup Time": 0.006,
                    "Actual Total Time": 0.006,
                    "Actual Rows": 1,
                    "Actual Loops": 1271,
                    "Index Cond": "(\"Id\" = p_answ.\"OwnerUserId\")",
                    "Rows Removed by Index Recheck": 0,
                    "Shared Hit Blocks": 4784,
                    "Shared Read Blocks": 0,
                    "Shared Dirtied Blocks": 0,
                    "Shared Written Blocks": 0,
                    "Local Hit Blocks": 0,
                    "Local Read Blocks": 0,
                    "Local Dirtied Blocks": 0,
                    "Local Written Blocks": 0,
                    "Temp Read Blocks": 0,
                    "Temp Written Blocks": 0
                  }
                ]
              }
            ]
          }
        ]
      },
      "Planning": {
        "Shared Hit Blocks": 16,
        "Shared Read Blocks": 0,
        "Shared Dirtied Blocks": 0,
        "Shared Written Blocks": 0,
        "Local Hit Blocks": 0,
        "Local Read Blocks": 0,
        "Local Dirtied Blocks": 0,
        "Local Written Blocks": 0,
        "Temp Read Blocks": 0,
        "Temp Written Blocks": 0
      },
      "Planning Time": 0.404,
      "Triggers": [
      ],
      "Execution Time": 776.886
    }
  ]