[
    {
      "Plan": {
        "Node Type": "Gather Merge",
        "Parallel Aware": false,
        "Async Capable": false,
        "Startup Cost": 64566.81,
        "Total Cost": 64589.45,
        "Plan Rows": 194,
        "Plan Width": 49,
        "Actual Startup Time": 247.582,
        "Actual Total Time": 251.478,
        "Actual Rows": 0,
        "Actual Loops": 1,
        "Workers Planned": 2,
        "Workers Launched": 2,
        "Shared Hit Blocks": 1614,
        "Shared Read Blocks": 58424,
        "Shared Dirtied Blocks": 0,
        "Shared Written Blocks": 0,
        "Local Hit Blocks": 0,
        "Local Read Blocks": 0,
        "Local Dirtied Blocks": 0,
        "Local Written Blocks": 0,
        "Temp Read Blocks": 0,
        "Temp Written Blocks": 0,
        "Plans": [
          {
            "Node Type": "Sort",
            "Parent Relationship": "Outer",
            "Parallel Aware": false,
            "Async Capable": false,
            "Startup Cost": 63566.79,
            "Total Cost": 63567.03,
            "Plan Rows": 97,
            "Plan Width": 49,
            "Actual Startup Time": 121.780,
            "Actual Total Time": 121.782,
            "Actual Rows": 0,
            "Actual Loops": 3,
            "Sort Key": ["p_best_answer.\"Score\""],
            "Sort Method": "quicksort",
            "Sort Space Used": 25,
            "Sort Space Type": "Memory",
            "Shared Hit Blocks": 1614,
            "Shared Read Blocks": 58424,
            "Shared Dirtied Blocks": 0,
            "Shared Written Blocks": 0,
            "Local Hit Blocks": 0,
            "Local Read Blocks": 0,
            "Local Dirtied Blocks": 0,
            "Local Written Blocks": 0,
            "Temp Read Blocks": 0,
            "Temp Written Blocks": 0,
            "Workers": [
              {
                "Worker Number": 0,
                "Sort Method": "quicksort",
                "Sort Space Used": 25,
                "Sort Space Type": "Memory"
              },
              {
                "Worker Number": 1,
                "Sort Method": "quicksort",
                "Sort Space Used": 25,
                "Sort Space Type": "Memory"
              }
            ],
            "Plans": [
              {
                "Node Type": "Nested Loop",
                "Parent Relationship": "Outer",
                "Parallel Aware": false,
                "Async Capable": false,
                "Join Type": "Inner",
                "Startup Cost": 31489.62,
                "Total Cost": 63563.59,
                "Plan Rows": 97,
                "Plan Width": 49,
                "Actual Startup Time": 121.760,
                "Actual Total Time": 121.762,
                "Actual Rows": 0,
                "Actual Loops": 3,
                "Inner Unique": true,
                "Shared Hit Blocks": 1600,
                "Shared Read Blocks": 58424,
                "Shared Dirtied Blocks": 0,
                "Shared Written Blocks": 0,
                "Local Hit Blocks": 0,
                "Local Read Blocks": 0,
                "Local Dirtied Blocks": 0,
                "Local Written Blocks": 0,
                "Temp Read Blocks": 0,
                "Temp Written Blocks": 0,
                "Workers": [
                ],
                "Plans": [
                  {
                    "Node Type": "Hash Join",
                    "Parent Relationship": "Outer",
                    "Parallel Aware": true,
                    "Async Capable": false,
                    "Join Type": "Inner",
                    "Startup Cost": 31489.20,
                    "Total Cost": 62834.90,
                    "Plan Rows": 97,
                    "Plan Width": 43,
                    "Actual Startup Time": 121.758,
                    "Actual Total Time": 121.760,
                    "Actual Rows": 0,
                    "Actual Loops": 3,
                    "Inner Unique": true,
                    "Hash Cond": "(p_post.\"AcceptedAnswerId\" = p_best_answer.\"Id\")",
                    "Shared Hit Blocks": 1600,
                    "Shared Read Blocks": 58424,
                    "Shared Dirtied Blocks": 0,
                    "Shared Written Blocks": 0,
                    "Local Hit Blocks": 0,
                    "Local Read Blocks": 0,
                    "Local Dirtied Blocks": 0,
                    "Local Written Blocks": 0,
                    "Temp Read Blocks": 0,
                    "Temp Written Blocks": 0,
                    "Workers": [
                    ],
                    "Plans": [
                      {
                        "Node Type": "Seq Scan",
                        "Parent Relationship": "Outer",
                        "Parallel Aware": true,
                        "Async Capable": false,
                        "Relation Name": "Posts",
                        "Alias": "p_post",
                        "Startup Cost": 0.00,
                        "Total Cost": 31232.61,
                        "Plan Rows": 43082,
                        "Plan Width": 4,
                        "Actual Startup Time": 0.022,
                        "Actual Total Time": 53.647,
                        "Actual Rows": 34383,
                        "Actual Loops": 3,
                        "Filter": "(\"PostTypeId\" = 1)",
                        "Rows Removed by Filter": 46808,
                        "Shared Hit Blocks": 800,
                        "Shared Read Blocks": 29164,
                        "Shared Dirtied Blocks": 0,
                        "Shared Written Blocks": 0,
                        "Local Hit Blocks": 0,
                        "Local Read Blocks": 0,
                        "Local Dirtied Blocks": 0,
                        "Local Written Blocks": 0,
                        "Temp Read Blocks": 0,
                        "Temp Written Blocks": 0,
                        "Workers": [
                        ]
                      },
                      {
                        "Node Type": "Hash",
                        "Parent Relationship": "Inner",
                        "Parallel Aware": true,
                        "Async Capable": false,
                        "Startup Cost": 31486.34,
                        "Total Cost": 31486.34,
                        "Plan Rows": 229,
                        "Plan Width": 43,
                        "Actual Startup Time": 65.068,
                        "Actual Total Time": 65.069,
                        "Actual Rows": 162,
                        "Actual Loops": 3,
                        "Hash Buckets": 1024,
                        "Original Hash Buckets": 1024,
                        "Hash Batches": 1,
                        "Original Hash Batches": 1,
                        "Peak Memory Usage": 104,
                        "Shared Hit Blocks": 704,
                        "Shared Read Blocks": 29260,
                        "Shared Dirtied Blocks": 0,
                        "Shared Written Blocks": 0,
                        "Local Hit Blocks": 0,
                        "Local Read Blocks": 0,
                        "Local Dirtied Blocks": 0,
                        "Local Written Blocks": 0,
                        "Temp Read Blocks": 0,
                        "Temp Written Blocks": 0,
                        "Workers": [
                        ],
                        "Plans": [
                          {
                            "Node Type": "Seq Scan",
                            "Parent Relationship": "Outer",
                            "Parallel Aware": true,
                            "Async Capable": false,
                            "Relation Name": "Posts",
                            "Alias": "p_best_answer",
                            "Startup Cost": 0.00,
                            "Total Cost": 31486.34,
                            "Plan Rows": 229,
                            "Plan Width": 43,
                            "Actual Startup Time": 6.441,
                            "Actual Total Time": 64.860,
                            "Actual Rows": 162,
                            "Actual Loops": 3,
                            "Filter": "((\"Score\" < 0) AND (\"Tags\" ~~ '%postgresql%'::text))",
                            "Rows Removed by Filter": 81030,
                            "Shared Hit Blocks": 704,
                            "Shared Read Blocks": 29260,
                            "Shared Dirtied Blocks": 0,
                            "Shared Written Blocks": 0,
                            "Local Hit Blocks": 0,
                            "Local Read Blocks": 0,
                            "Local Dirtied Blocks": 0,
                            "Local Written Blocks": 0,
                            "Temp Read Blocks": 0,
                            "Temp Written Blocks": 0,
                            "Workers": [
                            ]
                          }
                        ]
                      }
                    ]
                  },
                  {
                    "Node Type": "Index Scan",
                    "Parent Relationship": "Inner",
                    "Parallel Aware": false,
                    "Async Capable": false,
                    "Scan Direction": "Forward",
                    "Index Name": "Users_pkey",
                    "Relation Name": "Users",
                    "Alias": "Users",
                    "Startup Cost": 0.42,
                    "Total Cost": 7.51,
                    "Plan Rows": 1,
                    "Plan Width": 14,
                    "Actual Startup Time": 0.000,
                    "Actual Total Time": 0.000,
                    "Actual Rows": 0,
                    "Actual Loops": 0,
                    "Index Cond": "(\"Id\" = p_best_answer.\"OwnerUserId\")",
                    "Rows Removed by Index Recheck": 0,
                    "Shared Hit Blocks": 0,
                    "Shared Read Blocks": 0,
                    "Shared Dirtied Blocks": 0,
                    "Shared Written Blocks": 0,
                    "Local Hit Blocks": 0,
                    "Local Read Blocks": 0,
                    "Local Dirtied Blocks": 0,
                    "Local Written Blocks": 0,
                    "Temp Read Blocks": 0,
                    "Temp Written Blocks": 0,
                    "Workers": [
                    ]
                  }
                ]
              }
            ]
          }
        ]
      },
      "Planning": {
        "Shared Hit Blocks": 16,
        "Shared Read Blocks": 0,
        "Shared Dirtied Blocks": 0,
        "Shared Written Blocks": 0,
        "Local Hit Blocks": 0,
        "Local Read Blocks": 0,
        "Local Dirtied Blocks": 0,
        "Local Written Blocks": 0,
        "Temp Read Blocks": 0,
        "Temp Written Blocks": 0
      },
      "Planning Time": 1.082,
      "Triggers": [
      ],
      "Execution Time": 251.547
    }
  ]